ERROR - 2025-06-30 04:22:23 --> mysqli_sql_exception: Cannot add or update a child row: a foreign key constraint fails (`gestsol_data`.`solicitudes`, CONSTRAINT `solicitudes_ibfk_1` FOREIGN KEY (`solicitante_id`) REFERENCES `usuarios` (`id`)) in C:\xampp\htdocs\PHP-IVERSON\proyecto_reportes\system\Database\MySQLi\Connection.php:327
Stack trace:
#0 C:\xampp\htdocs\PHP-IVERSON\proyecto_reportes\system\Database\MySQLi\Connection.php(327): mysqli->query('INSERT INTO `so...', 0)
#1 C:\xampp\htdocs\PHP-IVERSON\proyecto_reportes\system\Database\BaseConnection.php(738): CodeIgniter\Database\MySQLi\Connection->execute('INSERT INTO `so...')
#2 C:\xampp\htdocs\PHP-IVERSON\proyecto_reportes\system\Database\BaseConnection.php(652): CodeIgniter\Database\BaseConnection->simpleQuery('INSERT INTO `so...')
#3 C:\xampp\htdocs\PHP-IVERSON\proyecto_reportes\system\Database\BaseBuilder.php(2345): CodeIgniter\Database\BaseConnection->query('INSERT INTO `so...', Array, false)
#4 C:\xampp\htdocs\PHP-IVERSON\proyecto_reportes\app\Models\CraarMiSolicitud.php(21): CodeIgniter\Database\BaseBuilder->insert(Array)
#5 C:\xampp\htdocs\PHP-IVERSON\proyecto_reportes\app\Controllers\CreateMiSolicitud.php(32): App\Models\CraarMiSolicitud->insertarMiSolicitud(Array)
#6 C:\xampp\htdocs\PHP-IVERSON\proyecto_reportes\system\CodeIgniter.php(933): App\Controllers\CreateMiSolicitud->validarMiSolicitud()
#7 C:\xampp\htdocs\PHP-IVERSON\proyecto_reportes\system\CodeIgniter.php(507): CodeIgniter\CodeIgniter->runController(Object(App\Controllers\CreateMiSolicitud))
#8 C:\xampp\htdocs\PHP-IVERSON\proyecto_reportes\system\CodeIgniter.php(354): CodeIgniter\CodeIgniter->handleRequest(NULL, Object(Config\Cache), false)
#9 C:\xampp\htdocs\PHP-IVERSON\proyecto_reportes\system\Boot.php(334): CodeIgniter\CodeIgniter->run()
#10 C:\xampp\htdocs\PHP-IVERSON\proyecto_reportes\system\Boot.php(67): CodeIgniter\Boot::runCodeIgniter(Object(CodeIgniter\CodeIgniter))
#11 C:\xampp\htdocs\PHP-IVERSON\proyecto_reportes\index.php(59): CodeIgniter\Boot::bootWeb(Object(Config\Paths))
#12 {main}
CRITICAL - 2025-06-30 04:22:23 --> CodeIgniter\Database\Exceptions\DatabaseException: Cannot add or update a child row: a foreign key constraint fails (`gestsol_data`.`solicitudes`, CONSTRAINT `solicitudes_ibfk_1` FOREIGN KEY (`solicitante_id`) REFERENCES `usuarios` (`id`))
[Method: POST, Route: CreandoMisolicitud]
in SYSTEMPATH\Database\BaseConnection.php on line 692.
 1 SYSTEMPATH\Database\BaseBuilder.php(2345): CodeIgniter\Database\BaseConnection->query('INSERT INTO `solicitudes` (`fecha`, `descripcion`, `solicitante_id`, `estado_id`, `tipo_falla_id`) VALUES (:fecha:, :descripcion:, :solicitante_id:, :estado_id:, :tipo_falla_id:)', [...], false)
 2 APPPATH\Models\CraarMiSolicitud.php(21): CodeIgniter\Database\BaseBuilder->insert([...])
 3 APPPATH\Controllers\CreateMiSolicitud.php(32): App\Models\CraarMiSolicitud->insertarMiSolicitud([...])
 4 SYSTEMPATH\CodeIgniter.php(933): App\Controllers\CreateMiSolicitud->validarMiSolicitud()
 5 SYSTEMPATH\CodeIgniter.php(507): CodeIgniter\CodeIgniter->runController(Object(App\Controllers\CreateMiSolicitud))
 6 SYSTEMPATH\CodeIgniter.php(354): CodeIgniter\CodeIgniter->handleRequest(null, Object(Config\Cache), false)
 7 SYSTEMPATH\Boot.php(334): CodeIgniter\CodeIgniter->run()
 8 SYSTEMPATH\Boot.php(67): CodeIgniter\Boot::runCodeIgniter(Object(CodeIgniter\CodeIgniter))
 9 FCPATH\index.php(59): CodeIgniter\Boot::bootWeb(Object(Config\Paths))
CRITICAL - 2025-06-30 04:22:23 --> [Caused by] CodeIgniter\Database\Exceptions\DatabaseException: Cannot add or update a child row: a foreign key constraint fails (`gestsol_data`.`solicitudes`, CONSTRAINT `solicitudes_ibfk_1` FOREIGN KEY (`solicitante_id`) REFERENCES `usuarios` (`id`))
in SYSTEMPATH\Database\MySQLi\Connection.php on line 332.
 1 SYSTEMPATH\Database\BaseConnection.php(738): CodeIgniter\Database\MySQLi\Connection->execute('INSERT INTO `solicitudes` (`fecha`, `descripcion`, `solicitante_id`, `estado_id`, `tipo_falla_id`) VALUES (\'2025-06-30\', \'2025-06-30\', \'2025-06-30\', 1, \'2025-06-30\')')
 2 SYSTEMPATH\Database\BaseConnection.php(652): CodeIgniter\Database\BaseConnection->simpleQuery('INSERT INTO `solicitudes` (`fecha`, `descripcion`, `solicitante_id`, `estado_id`, `tipo_falla_id`) VALUES (\'2025-06-30\', \'2025-06-30\', \'2025-06-30\', 1, \'2025-06-30\')')
 3 SYSTEMPATH\Database\BaseBuilder.php(2345): CodeIgniter\Database\BaseConnection->query('INSERT INTO `solicitudes` (`fecha`, `descripcion`, `solicitante_id`, `estado_id`, `tipo_falla_id`) VALUES (:fecha:, :descripcion:, :solicitante_id:, :estado_id:, :tipo_falla_id:)', [...], false)
 4 APPPATH\Models\CraarMiSolicitud.php(21): CodeIgniter\Database\BaseBuilder->insert([...])
 5 APPPATH\Controllers\CreateMiSolicitud.php(32): App\Models\CraarMiSolicitud->insertarMiSolicitud([...])
 6 SYSTEMPATH\CodeIgniter.php(933): App\Controllers\CreateMiSolicitud->validarMiSolicitud()
 7 SYSTEMPATH\CodeIgniter.php(507): CodeIgniter\CodeIgniter->runController(Object(App\Controllers\CreateMiSolicitud))
 8 SYSTEMPATH\CodeIgniter.php(354): CodeIgniter\CodeIgniter->handleRequest(null, Object(Config\Cache), false)
 9 SYSTEMPATH\Boot.php(334): CodeIgniter\CodeIgniter->run()
10 SYSTEMPATH\Boot.php(67): CodeIgniter\Boot::runCodeIgniter(Object(CodeIgniter\CodeIgniter))
11 FCPATH\index.php(59): CodeIgniter\Boot::bootWeb(Object(Config\Paths))
CRITICAL - 2025-06-30 04:22:23 --> [Caused by] mysqli_sql_exception: Cannot add or update a child row: a foreign key constraint fails (`gestsol_data`.`solicitudes`, CONSTRAINT `solicitudes_ibfk_1` FOREIGN KEY (`solicitante_id`) REFERENCES `usuarios` (`id`))
in SYSTEMPATH\Database\MySQLi\Connection.php on line 327.
 1 SYSTEMPATH\Database\MySQLi\Connection.php(327): mysqli->query('INSERT INTO `solicitudes` (`fecha`, `descripcion`, `solicitante_id`, `estado_id`, `tipo_falla_id`) VALUES (\'2025-06-30\', \'2025-06-30\', \'2025-06-30\', 1, \'2025-06-30\')', 0)
 2 SYSTEMPATH\Database\BaseConnection.php(738): CodeIgniter\Database\MySQLi\Connection->execute('INSERT INTO `solicitudes` (`fecha`, `descripcion`, `solicitante_id`, `estado_id`, `tipo_falla_id`) VALUES (\'2025-06-30\', \'2025-06-30\', \'2025-06-30\', 1, \'2025-06-30\')')
 3 SYSTEMPATH\Database\BaseConnection.php(652): CodeIgniter\Database\BaseConnection->simpleQuery('INSERT INTO `solicitudes` (`fecha`, `descripcion`, `solicitante_id`, `estado_id`, `tipo_falla_id`) VALUES (\'2025-06-30\', \'2025-06-30\', \'2025-06-30\', 1, \'2025-06-30\')')
 4 SYSTEMPATH\Database\BaseBuilder.php(2345): CodeIgniter\Database\BaseConnection->query('INSERT INTO `solicitudes` (`fecha`, `descripcion`, `solicitante_id`, `estado_id`, `tipo_falla_id`) VALUES (:fecha:, :descripcion:, :solicitante_id:, :estado_id:, :tipo_falla_id:)', [...], false)
 5 APPPATH\Models\CraarMiSolicitud.php(21): CodeIgniter\Database\BaseBuilder->insert([...])
 6 APPPATH\Controllers\CreateMiSolicitud.php(32): App\Models\CraarMiSolicitud->insertarMiSolicitud([...])
 7 SYSTEMPATH\CodeIgniter.php(933): App\Controllers\CreateMiSolicitud->validarMiSolicitud()
 8 SYSTEMPATH\CodeIgniter.php(507): CodeIgniter\CodeIgniter->runController(Object(App\Controllers\CreateMiSolicitud))
 9 SYSTEMPATH\CodeIgniter.php(354): CodeIgniter\CodeIgniter->handleRequest(null, Object(Config\Cache), false)
10 SYSTEMPATH\Boot.php(334): CodeIgniter\CodeIgniter->run()
11 SYSTEMPATH\Boot.php(67): CodeIgniter\Boot::runCodeIgniter(Object(CodeIgniter\CodeIgniter))
12 FCPATH\index.php(59): CodeIgniter\Boot::bootWeb(Object(Config\Paths))
ERROR - 2025-06-30 04:24:32 --> mysqli_sql_exception: Cannot add or update a child row: a foreign key constraint fails (`gestsol_data`.`solicitudes`, CONSTRAINT `solicitudes_ibfk_1` FOREIGN KEY (`solicitante_id`) REFERENCES `usuarios` (`id`)) in C:\xampp\htdocs\PHP-IVERSON\proyecto_reportes\system\Database\MySQLi\Connection.php:327
Stack trace:
#0 C:\xampp\htdocs\PHP-IVERSON\proyecto_reportes\system\Database\MySQLi\Connection.php(327): mysqli->query('INSERT INTO `so...', 0)
#1 C:\xampp\htdocs\PHP-IVERSON\proyecto_reportes\system\Database\BaseConnection.php(738): CodeIgniter\Database\MySQLi\Connection->execute('INSERT INTO `so...')
#2 C:\xampp\htdocs\PHP-IVERSON\proyecto_reportes\system\Database\BaseConnection.php(652): CodeIgniter\Database\BaseConnection->simpleQuery('INSERT INTO `so...')
#3 C:\xampp\htdocs\PHP-IVERSON\proyecto_reportes\system\Database\BaseBuilder.php(2345): CodeIgniter\Database\BaseConnection->query('INSERT INTO `so...', Array, false)
#4 C:\xampp\htdocs\PHP-IVERSON\proyecto_reportes\app\Models\CraarMiSolicitud.php(21): CodeIgniter\Database\BaseBuilder->insert(Array)
#5 C:\xampp\htdocs\PHP-IVERSON\proyecto_reportes\app\Controllers\CreateMiSolicitud.php(32): App\Models\CraarMiSolicitud->insertarMiSolicitud(Array)
#6 C:\xampp\htdocs\PHP-IVERSON\proyecto_reportes\system\CodeIgniter.php(933): App\Controllers\CreateMiSolicitud->validarMiSolicitud()
#7 C:\xampp\htdocs\PHP-IVERSON\proyecto_reportes\system\CodeIgniter.php(507): CodeIgniter\CodeIgniter->runController(Object(App\Controllers\CreateMiSolicitud))
#8 C:\xampp\htdocs\PHP-IVERSON\proyecto_reportes\system\CodeIgniter.php(354): CodeIgniter\CodeIgniter->handleRequest(NULL, Object(Config\Cache), false)
#9 C:\xampp\htdocs\PHP-IVERSON\proyecto_reportes\system\Boot.php(334): CodeIgniter\CodeIgniter->run()
#10 C:\xampp\htdocs\PHP-IVERSON\proyecto_reportes\system\Boot.php(67): CodeIgniter\Boot::runCodeIgniter(Object(CodeIgniter\CodeIgniter))
#11 C:\xampp\htdocs\PHP-IVERSON\proyecto_reportes\index.php(59): CodeIgniter\Boot::bootWeb(Object(Config\Paths))
#12 {main}
CRITICAL - 2025-06-30 04:24:32 --> CodeIgniter\Database\Exceptions\DatabaseException: Cannot add or update a child row: a foreign key constraint fails (`gestsol_data`.`solicitudes`, CONSTRAINT `solicitudes_ibfk_1` FOREIGN KEY (`solicitante_id`) REFERENCES `usuarios` (`id`))
[Method: POST, Route: CreandoMisolicitud]
in SYSTEMPATH\Database\BaseConnection.php on line 692.
 1 SYSTEMPATH\Database\BaseBuilder.php(2345): CodeIgniter\Database\BaseConnection->query('INSERT INTO `solicitudes` (`fecha`, `descripcion`, `solicitante_id`, `estado_id`, `tipo_falla_id`) VALUES (:fecha:, :descripcion:, :solicitante_id:, :estado_id:, :tipo_falla_id:)', [...], false)
 2 APPPATH\Models\CraarMiSolicitud.php(21): CodeIgniter\Database\BaseBuilder->insert([...])
 3 APPPATH\Controllers\CreateMiSolicitud.php(32): App\Models\CraarMiSolicitud->insertarMiSolicitud([...])
 4 SYSTEMPATH\CodeIgniter.php(933): App\Controllers\CreateMiSolicitud->validarMiSolicitud()
 5 SYSTEMPATH\CodeIgniter.php(507): CodeIgniter\CodeIgniter->runController(Object(App\Controllers\CreateMiSolicitud))
 6 SYSTEMPATH\CodeIgniter.php(354): CodeIgniter\CodeIgniter->handleRequest(null, Object(Config\Cache), false)
 7 SYSTEMPATH\Boot.php(334): CodeIgniter\CodeIgniter->run()
 8 SYSTEMPATH\Boot.php(67): CodeIgniter\Boot::runCodeIgniter(Object(CodeIgniter\CodeIgniter))
 9 FCPATH\index.php(59): CodeIgniter\Boot::bootWeb(Object(Config\Paths))
CRITICAL - 2025-06-30 04:24:32 --> [Caused by] CodeIgniter\Database\Exceptions\DatabaseException: Cannot add or update a child row: a foreign key constraint fails (`gestsol_data`.`solicitudes`, CONSTRAINT `solicitudes_ibfk_1` FOREIGN KEY (`solicitante_id`) REFERENCES `usuarios` (`id`))
in SYSTEMPATH\Database\MySQLi\Connection.php on line 332.
 1 SYSTEMPATH\Database\BaseConnection.php(738): CodeIgniter\Database\MySQLi\Connection->execute('INSERT INTO `solicitudes` (`fecha`, `descripcion`, `solicitante_id`, `estado_id`, `tipo_falla_id`) VALUES (\'2025-06-30\', \'2025-06-30\', \'2025-06-30\', 1, \'2025-06-30\')')
 2 SYSTEMPATH\Database\BaseConnection.php(652): CodeIgniter\Database\BaseConnection->simpleQuery('INSERT INTO `solicitudes` (`fecha`, `descripcion`, `solicitante_id`, `estado_id`, `tipo_falla_id`) VALUES (\'2025-06-30\', \'2025-06-30\', \'2025-06-30\', 1, \'2025-06-30\')')
 3 SYSTEMPATH\Database\BaseBuilder.php(2345): CodeIgniter\Database\BaseConnection->query('INSERT INTO `solicitudes` (`fecha`, `descripcion`, `solicitante_id`, `estado_id`, `tipo_falla_id`) VALUES (:fecha:, :descripcion:, :solicitante_id:, :estado_id:, :tipo_falla_id:)', [...], false)
 4 APPPATH\Models\CraarMiSolicitud.php(21): CodeIgniter\Database\BaseBuilder->insert([...])
 5 APPPATH\Controllers\CreateMiSolicitud.php(32): App\Models\CraarMiSolicitud->insertarMiSolicitud([...])
 6 SYSTEMPATH\CodeIgniter.php(933): App\Controllers\CreateMiSolicitud->validarMiSolicitud()
 7 SYSTEMPATH\CodeIgniter.php(507): CodeIgniter\CodeIgniter->runController(Object(App\Controllers\CreateMiSolicitud))
 8 SYSTEMPATH\CodeIgniter.php(354): CodeIgniter\CodeIgniter->handleRequest(null, Object(Config\Cache), false)
 9 SYSTEMPATH\Boot.php(334): CodeIgniter\CodeIgniter->run()
10 SYSTEMPATH\Boot.php(67): CodeIgniter\Boot::runCodeIgniter(Object(CodeIgniter\CodeIgniter))
11 FCPATH\index.php(59): CodeIgniter\Boot::bootWeb(Object(Config\Paths))
CRITICAL - 2025-06-30 04:24:32 --> [Caused by] mysqli_sql_exception: Cannot add or update a child row: a foreign key constraint fails (`gestsol_data`.`solicitudes`, CONSTRAINT `solicitudes_ibfk_1` FOREIGN KEY (`solicitante_id`) REFERENCES `usuarios` (`id`))
in SYSTEMPATH\Database\MySQLi\Connection.php on line 327.
 1 SYSTEMPATH\Database\MySQLi\Connection.php(327): mysqli->query('INSERT INTO `solicitudes` (`fecha`, `descripcion`, `solicitante_id`, `estado_id`, `tipo_falla_id`) VALUES (\'2025-06-30\', \'2025-06-30\', \'2025-06-30\', 1, \'2025-06-30\')', 0)
 2 SYSTEMPATH\Database\BaseConnection.php(738): CodeIgniter\Database\MySQLi\Connection->execute('INSERT INTO `solicitudes` (`fecha`, `descripcion`, `solicitante_id`, `estado_id`, `tipo_falla_id`) VALUES (\'2025-06-30\', \'2025-06-30\', \'2025-06-30\', 1, \'2025-06-30\')')
 3 SYSTEMPATH\Database\BaseConnection.php(652): CodeIgniter\Database\BaseConnection->simpleQuery('INSERT INTO `solicitudes` (`fecha`, `descripcion`, `solicitante_id`, `estado_id`, `tipo_falla_id`) VALUES (\'2025-06-30\', \'2025-06-30\', \'2025-06-30\', 1, \'2025-06-30\')')
 4 SYSTEMPATH\Database\BaseBuilder.php(2345): CodeIgniter\Database\BaseConnection->query('INSERT INTO `solicitudes` (`fecha`, `descripcion`, `solicitante_id`, `estado_id`, `tipo_falla_id`) VALUES (:fecha:, :descripcion:, :solicitante_id:, :estado_id:, :tipo_falla_id:)', [...], false)
 5 APPPATH\Models\CraarMiSolicitud.php(21): CodeIgniter\Database\BaseBuilder->insert([...])
 6 APPPATH\Controllers\CreateMiSolicitud.php(32): App\Models\CraarMiSolicitud->insertarMiSolicitud([...])
 7 SYSTEMPATH\CodeIgniter.php(933): App\Controllers\CreateMiSolicitud->validarMiSolicitud()
 8 SYSTEMPATH\CodeIgniter.php(507): CodeIgniter\CodeIgniter->runController(Object(App\Controllers\CreateMiSolicitud))
 9 SYSTEMPATH\CodeIgniter.php(354): CodeIgniter\CodeIgniter->handleRequest(null, Object(Config\Cache), false)
10 SYSTEMPATH\Boot.php(334): CodeIgniter\CodeIgniter->run()
11 SYSTEMPATH\Boot.php(67): CodeIgniter\Boot::runCodeIgniter(Object(CodeIgniter\CodeIgniter))
12 FCPATH\index.php(59): CodeIgniter\Boot::bootWeb(Object(Config\Paths))
ERROR - 2025-06-30 04:27:43 --> mysqli_sql_exception: Cannot add or update a child row: a foreign key constraint fails (`gestsol_data`.`solicitudes`, CONSTRAINT `solicitudes_ibfk_1` FOREIGN KEY (`solicitante_id`) REFERENCES `usuarios` (`id`)) in C:\xampp\htdocs\PHP-IVERSON\proyecto_reportes\system\Database\MySQLi\Connection.php:327
Stack trace:
#0 C:\xampp\htdocs\PHP-IVERSON\proyecto_reportes\system\Database\MySQLi\Connection.php(327): mysqli->query('INSERT INTO `so...', 0)
#1 C:\xampp\htdocs\PHP-IVERSON\proyecto_reportes\system\Database\BaseConnection.php(738): CodeIgniter\Database\MySQLi\Connection->execute('INSERT INTO `so...')
#2 C:\xampp\htdocs\PHP-IVERSON\proyecto_reportes\system\Database\BaseConnection.php(652): CodeIgniter\Database\BaseConnection->simpleQuery('INSERT INTO `so...')
#3 C:\xampp\htdocs\PHP-IVERSON\proyecto_reportes\system\Database\BaseBuilder.php(2345): CodeIgniter\Database\BaseConnection->query('INSERT INTO `so...', Array, false)
#4 C:\xampp\htdocs\PHP-IVERSON\proyecto_reportes\app\Models\CraarMiSolicitud.php(21): CodeIgniter\Database\BaseBuilder->insert(Array)
#5 C:\xampp\htdocs\PHP-IVERSON\proyecto_reportes\app\Controllers\CreateMiSolicitud.php(32): App\Models\CraarMiSolicitud->insertarMiSolicitud(Array)
#6 C:\xampp\htdocs\PHP-IVERSON\proyecto_reportes\system\CodeIgniter.php(933): App\Controllers\CreateMiSolicitud->validarMiSolicitud()
#7 C:\xampp\htdocs\PHP-IVERSON\proyecto_reportes\system\CodeIgniter.php(507): CodeIgniter\CodeIgniter->runController(Object(App\Controllers\CreateMiSolicitud))
#8 C:\xampp\htdocs\PHP-IVERSON\proyecto_reportes\system\CodeIgniter.php(354): CodeIgniter\CodeIgniter->handleRequest(NULL, Object(Config\Cache), false)
#9 C:\xampp\htdocs\PHP-IVERSON\proyecto_reportes\system\Boot.php(334): CodeIgniter\CodeIgniter->run()
#10 C:\xampp\htdocs\PHP-IVERSON\proyecto_reportes\system\Boot.php(67): CodeIgniter\Boot::runCodeIgniter(Object(CodeIgniter\CodeIgniter))
#11 C:\xampp\htdocs\PHP-IVERSON\proyecto_reportes\index.php(59): CodeIgniter\Boot::bootWeb(Object(Config\Paths))
#12 {main}
CRITICAL - 2025-06-30 04:27:43 --> CodeIgniter\Database\Exceptions\DatabaseException: Cannot add or update a child row: a foreign key constraint fails (`gestsol_data`.`solicitudes`, CONSTRAINT `solicitudes_ibfk_1` FOREIGN KEY (`solicitante_id`) REFERENCES `usuarios` (`id`))
[Method: POST, Route: CreandoMisolicitud]
in SYSTEMPATH\Database\BaseConnection.php on line 692.
 1 SYSTEMPATH\Database\BaseBuilder.php(2345): CodeIgniter\Database\BaseConnection->query('INSERT INTO `solicitudes` (`fecha`, `descripcion`, `solicitante_id`, `estado_id`, `tipo_falla_id`) VALUES (:fecha:, :descripcion:, :solicitante_id:, :estado_id:, :tipo_falla_id:)', [...], false)
 2 APPPATH\Models\CraarMiSolicitud.php(21): CodeIgniter\Database\BaseBuilder->insert([...])
 3 APPPATH\Controllers\CreateMiSolicitud.php(32): App\Models\CraarMiSolicitud->insertarMiSolicitud([...])
 4 SYSTEMPATH\CodeIgniter.php(933): App\Controllers\CreateMiSolicitud->validarMiSolicitud()
 5 SYSTEMPATH\CodeIgniter.php(507): CodeIgniter\CodeIgniter->runController(Object(App\Controllers\CreateMiSolicitud))
 6 SYSTEMPATH\CodeIgniter.php(354): CodeIgniter\CodeIgniter->handleRequest(null, Object(Config\Cache), false)
 7 SYSTEMPATH\Boot.php(334): CodeIgniter\CodeIgniter->run()
 8 SYSTEMPATH\Boot.php(67): CodeIgniter\Boot::runCodeIgniter(Object(CodeIgniter\CodeIgniter))
 9 FCPATH\index.php(59): CodeIgniter\Boot::bootWeb(Object(Config\Paths))
CRITICAL - 2025-06-30 04:27:43 --> [Caused by] CodeIgniter\Database\Exceptions\DatabaseException: Cannot add or update a child row: a foreign key constraint fails (`gestsol_data`.`solicitudes`, CONSTRAINT `solicitudes_ibfk_1` FOREIGN KEY (`solicitante_id`) REFERENCES `usuarios` (`id`))
in SYSTEMPATH\Database\MySQLi\Connection.php on line 332.
 1 SYSTEMPATH\Database\BaseConnection.php(738): CodeIgniter\Database\MySQLi\Connection->execute('INSERT INTO `solicitudes` (`fecha`, `descripcion`, `solicitante_id`, `estado_id`, `tipo_falla_id`) VALUES (\'2025-06-30\', \'2025-06-30\', \'2025-06-30\', 1, \'2025-06-30\')')
 2 SYSTEMPATH\Database\BaseConnection.php(652): CodeIgniter\Database\BaseConnection->simpleQuery('INSERT INTO `solicitudes` (`fecha`, `descripcion`, `solicitante_id`, `estado_id`, `tipo_falla_id`) VALUES (\'2025-06-30\', \'2025-06-30\', \'2025-06-30\', 1, \'2025-06-30\')')
 3 SYSTEMPATH\Database\BaseBuilder.php(2345): CodeIgniter\Database\BaseConnection->query('INSERT INTO `solicitudes` (`fecha`, `descripcion`, `solicitante_id`, `estado_id`, `tipo_falla_id`) VALUES (:fecha:, :descripcion:, :solicitante_id:, :estado_id:, :tipo_falla_id:)', [...], false)
 4 APPPATH\Models\CraarMiSolicitud.php(21): CodeIgniter\Database\BaseBuilder->insert([...])
 5 APPPATH\Controllers\CreateMiSolicitud.php(32): App\Models\CraarMiSolicitud->insertarMiSolicitud([...])
 6 SYSTEMPATH\CodeIgniter.php(933): App\Controllers\CreateMiSolicitud->validarMiSolicitud()
 7 SYSTEMPATH\CodeIgniter.php(507): CodeIgniter\CodeIgniter->runController(Object(App\Controllers\CreateMiSolicitud))
 8 SYSTEMPATH\CodeIgniter.php(354): CodeIgniter\CodeIgniter->handleRequest(null, Object(Config\Cache), false)
 9 SYSTEMPATH\Boot.php(334): CodeIgniter\CodeIgniter->run()
10 SYSTEMPATH\Boot.php(67): CodeIgniter\Boot::runCodeIgniter(Object(CodeIgniter\CodeIgniter))
11 FCPATH\index.php(59): CodeIgniter\Boot::bootWeb(Object(Config\Paths))
CRITICAL - 2025-06-30 04:27:43 --> [Caused by] mysqli_sql_exception: Cannot add or update a child row: a foreign key constraint fails (`gestsol_data`.`solicitudes`, CONSTRAINT `solicitudes_ibfk_1` FOREIGN KEY (`solicitante_id`) REFERENCES `usuarios` (`id`))
in SYSTEMPATH\Database\MySQLi\Connection.php on line 327.
 1 SYSTEMPATH\Database\MySQLi\Connection.php(327): mysqli->query('INSERT INTO `solicitudes` (`fecha`, `descripcion`, `solicitante_id`, `estado_id`, `tipo_falla_id`) VALUES (\'2025-06-30\', \'2025-06-30\', \'2025-06-30\', 1, \'2025-06-30\')', 0)
 2 SYSTEMPATH\Database\BaseConnection.php(738): CodeIgniter\Database\MySQLi\Connection->execute('INSERT INTO `solicitudes` (`fecha`, `descripcion`, `solicitante_id`, `estado_id`, `tipo_falla_id`) VALUES (\'2025-06-30\', \'2025-06-30\', \'2025-06-30\', 1, \'2025-06-30\')')
 3 SYSTEMPATH\Database\BaseConnection.php(652): CodeIgniter\Database\BaseConnection->simpleQuery('INSERT INTO `solicitudes` (`fecha`, `descripcion`, `solicitante_id`, `estado_id`, `tipo_falla_id`) VALUES (\'2025-06-30\', \'2025-06-30\', \'2025-06-30\', 1, \'2025-06-30\')')
 4 SYSTEMPATH\Database\BaseBuilder.php(2345): CodeIgniter\Database\BaseConnection->query('INSERT INTO `solicitudes` (`fecha`, `descripcion`, `solicitante_id`, `estado_id`, `tipo_falla_id`) VALUES (:fecha:, :descripcion:, :solicitante_id:, :estado_id:, :tipo_falla_id:)', [...], false)
 5 APPPATH\Models\CraarMiSolicitud.php(21): CodeIgniter\Database\BaseBuilder->insert([...])
 6 APPPATH\Controllers\CreateMiSolicitud.php(32): App\Models\CraarMiSolicitud->insertarMiSolicitud([...])
 7 SYSTEMPATH\CodeIgniter.php(933): App\Controllers\CreateMiSolicitud->validarMiSolicitud()
 8 SYSTEMPATH\CodeIgniter.php(507): CodeIgniter\CodeIgniter->runController(Object(App\Controllers\CreateMiSolicitud))
 9 SYSTEMPATH\CodeIgniter.php(354): CodeIgniter\CodeIgniter->handleRequest(null, Object(Config\Cache), false)
10 SYSTEMPATH\Boot.php(334): CodeIgniter\CodeIgniter->run()
11 SYSTEMPATH\Boot.php(67): CodeIgniter\Boot::runCodeIgniter(Object(CodeIgniter\CodeIgniter))
12 FCPATH\index.php(59): CodeIgniter\Boot::bootWeb(Object(Config\Paths))
ERROR - 2025-06-30 04:37:27 --> mysqli_sql_exception: Cannot add or update a child row: a foreign key constraint fails (`gestsol_data`.`solicitudes`, CONSTRAINT `solicitudes_ibfk_1` FOREIGN KEY (`solicitante_id`) REFERENCES `usuarios` (`id`)) in C:\xampp\htdocs\PHP-IVERSON\proyecto_reportes\system\Database\MySQLi\Connection.php:327
Stack trace:
#0 C:\xampp\htdocs\PHP-IVERSON\proyecto_reportes\system\Database\MySQLi\Connection.php(327): mysqli->query('INSERT INTO `so...', 0)
#1 C:\xampp\htdocs\PHP-IVERSON\proyecto_reportes\system\Database\BaseConnection.php(738): CodeIgniter\Database\MySQLi\Connection->execute('INSERT INTO `so...')
#2 C:\xampp\htdocs\PHP-IVERSON\proyecto_reportes\system\Database\BaseConnection.php(652): CodeIgniter\Database\BaseConnection->simpleQuery('INSERT INTO `so...')
#3 C:\xampp\htdocs\PHP-IVERSON\proyecto_reportes\system\Database\BaseBuilder.php(2345): CodeIgniter\Database\BaseConnection->query('INSERT INTO `so...', Array, false)
#4 C:\xampp\htdocs\PHP-IVERSON\proyecto_reportes\app\Models\CrearMiSolicitud.php(21): CodeIgniter\Database\BaseBuilder->insert(Array)
#5 C:\xampp\htdocs\PHP-IVERSON\proyecto_reportes\app\Controllers\CreateMiSolicitud.php(32): App\Models\CrearMiSolicitud->insertarMiSolicitud(Array)
#6 C:\xampp\htdocs\PHP-IVERSON\proyecto_reportes\system\CodeIgniter.php(933): App\Controllers\CreateMiSolicitud->validarMiSolicitud()
#7 C:\xampp\htdocs\PHP-IVERSON\proyecto_reportes\system\CodeIgniter.php(507): CodeIgniter\CodeIgniter->runController(Object(App\Controllers\CreateMiSolicitud))
#8 C:\xampp\htdocs\PHP-IVERSON\proyecto_reportes\system\CodeIgniter.php(354): CodeIgniter\CodeIgniter->handleRequest(NULL, Object(Config\Cache), false)
#9 C:\xampp\htdocs\PHP-IVERSON\proyecto_reportes\system\Boot.php(334): CodeIgniter\CodeIgniter->run()
#10 C:\xampp\htdocs\PHP-IVERSON\proyecto_reportes\system\Boot.php(67): CodeIgniter\Boot::runCodeIgniter(Object(CodeIgniter\CodeIgniter))
#11 C:\xampp\htdocs\PHP-IVERSON\proyecto_reportes\index.php(59): CodeIgniter\Boot::bootWeb(Object(Config\Paths))
#12 {main}
CRITICAL - 2025-06-30 04:37:27 --> CodeIgniter\Database\Exceptions\DatabaseException: Cannot add or update a child row: a foreign key constraint fails (`gestsol_data`.`solicitudes`, CONSTRAINT `solicitudes_ibfk_1` FOREIGN KEY (`solicitante_id`) REFERENCES `usuarios` (`id`))
[Method: POST, Route: CreandoMisolicitud]
in SYSTEMPATH\Database\BaseConnection.php on line 692.
 1 SYSTEMPATH\Database\BaseBuilder.php(2345): CodeIgniter\Database\BaseConnection->query('INSERT INTO `solicitudes` (`fecha`, `descripcion`, `solicitante_id`, `estado_id`, `tipo_falla_id`) VALUES (:fecha:, :descripcion:, :solicitante_id:, :estado_id:, :tipo_falla_id:)', [...], false)
 2 APPPATH\Models\CrearMiSolicitud.php(21): CodeIgniter\Database\BaseBuilder->insert([...])
 3 APPPATH\Controllers\CreateMiSolicitud.php(32): App\Models\CrearMiSolicitud->insertarMiSolicitud([...])
 4 SYSTEMPATH\CodeIgniter.php(933): App\Controllers\CreateMiSolicitud->validarMiSolicitud()
 5 SYSTEMPATH\CodeIgniter.php(507): CodeIgniter\CodeIgniter->runController(Object(App\Controllers\CreateMiSolicitud))
 6 SYSTEMPATH\CodeIgniter.php(354): CodeIgniter\CodeIgniter->handleRequest(null, Object(Config\Cache), false)
 7 SYSTEMPATH\Boot.php(334): CodeIgniter\CodeIgniter->run()
 8 SYSTEMPATH\Boot.php(67): CodeIgniter\Boot::runCodeIgniter(Object(CodeIgniter\CodeIgniter))
 9 FCPATH\index.php(59): CodeIgniter\Boot::bootWeb(Object(Config\Paths))
CRITICAL - 2025-06-30 04:37:27 --> [Caused by] CodeIgniter\Database\Exceptions\DatabaseException: Cannot add or update a child row: a foreign key constraint fails (`gestsol_data`.`solicitudes`, CONSTRAINT `solicitudes_ibfk_1` FOREIGN KEY (`solicitante_id`) REFERENCES `usuarios` (`id`))
in SYSTEMPATH\Database\MySQLi\Connection.php on line 332.
 1 SYSTEMPATH\Database\BaseConnection.php(738): CodeIgniter\Database\MySQLi\Connection->execute('INSERT INTO `solicitudes` (`fecha`, `descripcion`, `solicitante_id`, `estado_id`, `tipo_falla_id`) VALUES (\'2025-06-30\', \'2025-06-30\', \'2025-06-30\', 1, \'2025-06-30\')')
 2 SYSTEMPATH\Database\BaseConnection.php(652): CodeIgniter\Database\BaseConnection->simpleQuery('INSERT INTO `solicitudes` (`fecha`, `descripcion`, `solicitante_id`, `estado_id`, `tipo_falla_id`) VALUES (\'2025-06-30\', \'2025-06-30\', \'2025-06-30\', 1, \'2025-06-30\')')
 3 SYSTEMPATH\Database\BaseBuilder.php(2345): CodeIgniter\Database\BaseConnection->query('INSERT INTO `solicitudes` (`fecha`, `descripcion`, `solicitante_id`, `estado_id`, `tipo_falla_id`) VALUES (:fecha:, :descripcion:, :solicitante_id:, :estado_id:, :tipo_falla_id:)', [...], false)
 4 APPPATH\Models\CrearMiSolicitud.php(21): CodeIgniter\Database\BaseBuilder->insert([...])
 5 APPPATH\Controllers\CreateMiSolicitud.php(32): App\Models\CrearMiSolicitud->insertarMiSolicitud([...])
 6 SYSTEMPATH\CodeIgniter.php(933): App\Controllers\CreateMiSolicitud->validarMiSolicitud()
 7 SYSTEMPATH\CodeIgniter.php(507): CodeIgniter\CodeIgniter->runController(Object(App\Controllers\CreateMiSolicitud))
 8 SYSTEMPATH\CodeIgniter.php(354): CodeIgniter\CodeIgniter->handleRequest(null, Object(Config\Cache), false)
 9 SYSTEMPATH\Boot.php(334): CodeIgniter\CodeIgniter->run()
10 SYSTEMPATH\Boot.php(67): CodeIgniter\Boot::runCodeIgniter(Object(CodeIgniter\CodeIgniter))
11 FCPATH\index.php(59): CodeIgniter\Boot::bootWeb(Object(Config\Paths))
CRITICAL - 2025-06-30 04:37:27 --> [Caused by] mysqli_sql_exception: Cannot add or update a child row: a foreign key constraint fails (`gestsol_data`.`solicitudes`, CONSTRAINT `solicitudes_ibfk_1` FOREIGN KEY (`solicitante_id`) REFERENCES `usuarios` (`id`))
in SYSTEMPATH\Database\MySQLi\Connection.php on line 327.
 1 SYSTEMPATH\Database\MySQLi\Connection.php(327): mysqli->query('INSERT INTO `solicitudes` (`fecha`, `descripcion`, `solicitante_id`, `estado_id`, `tipo_falla_id`) VALUES (\'2025-06-30\', \'2025-06-30\', \'2025-06-30\', 1, \'2025-06-30\')', 0)
 2 SYSTEMPATH\Database\BaseConnection.php(738): CodeIgniter\Database\MySQLi\Connection->execute('INSERT INTO `solicitudes` (`fecha`, `descripcion`, `solicitante_id`, `estado_id`, `tipo_falla_id`) VALUES (\'2025-06-30\', \'2025-06-30\', \'2025-06-30\', 1, \'2025-06-30\')')
 3 SYSTEMPATH\Database\BaseConnection.php(652): CodeIgniter\Database\BaseConnection->simpleQuery('INSERT INTO `solicitudes` (`fecha`, `descripcion`, `solicitante_id`, `estado_id`, `tipo_falla_id`) VALUES (\'2025-06-30\', \'2025-06-30\', \'2025-06-30\', 1, \'2025-06-30\')')
 4 SYSTEMPATH\Database\BaseBuilder.php(2345): CodeIgniter\Database\BaseConnection->query('INSERT INTO `solicitudes` (`fecha`, `descripcion`, `solicitante_id`, `estado_id`, `tipo_falla_id`) VALUES (:fecha:, :descripcion:, :solicitante_id:, :estado_id:, :tipo_falla_id:)', [...], false)
 5 APPPATH\Models\CrearMiSolicitud.php(21): CodeIgniter\Database\BaseBuilder->insert([...])
 6 APPPATH\Controllers\CreateMiSolicitud.php(32): App\Models\CrearMiSolicitud->insertarMiSolicitud([...])
 7 SYSTEMPATH\CodeIgniter.php(933): App\Controllers\CreateMiSolicitud->validarMiSolicitud()
 8 SYSTEMPATH\CodeIgniter.php(507): CodeIgniter\CodeIgniter->runController(Object(App\Controllers\CreateMiSolicitud))
 9 SYSTEMPATH\CodeIgniter.php(354): CodeIgniter\CodeIgniter->handleRequest(null, Object(Config\Cache), false)
10 SYSTEMPATH\Boot.php(334): CodeIgniter\CodeIgniter->run()
11 SYSTEMPATH\Boot.php(67): CodeIgniter\Boot::runCodeIgniter(Object(CodeIgniter\CodeIgniter))
12 FCPATH\index.php(59): CodeIgniter\Boot::bootWeb(Object(Config\Paths))
ERROR - 2025-06-30 04:39:29 --> mysqli_sql_exception: Cannot add or update a child row: a foreign key constraint fails (`gestsol_data`.`solicitudes`, CONSTRAINT `solicitudes_ibfk_1` FOREIGN KEY (`solicitante_id`) REFERENCES `usuarios` (`id`)) in C:\xampp\htdocs\PHP-IVERSON\proyecto_reportes\system\Database\MySQLi\Connection.php:327
Stack trace:
#0 C:\xampp\htdocs\PHP-IVERSON\proyecto_reportes\system\Database\MySQLi\Connection.php(327): mysqli->query('INSERT INTO `so...', 0)
#1 C:\xampp\htdocs\PHP-IVERSON\proyecto_reportes\system\Database\BaseConnection.php(738): CodeIgniter\Database\MySQLi\Connection->execute('INSERT INTO `so...')
#2 C:\xampp\htdocs\PHP-IVERSON\proyecto_reportes\system\Database\BaseConnection.php(652): CodeIgniter\Database\BaseConnection->simpleQuery('INSERT INTO `so...')
#3 C:\xampp\htdocs\PHP-IVERSON\proyecto_reportes\system\Database\BaseBuilder.php(2345): CodeIgniter\Database\BaseConnection->query('INSERT INTO `so...', Array, false)
#4 C:\xampp\htdocs\PHP-IVERSON\proyecto_reportes\app\Models\CrearMiSolicitud.php(21): CodeIgniter\Database\BaseBuilder->insert(Array)
#5 C:\xampp\htdocs\PHP-IVERSON\proyecto_reportes\app\Controllers\CreateMiSolicitud.php(32): App\Models\CrearMiSolicitud->insertarMiSolicitud(Array)
#6 C:\xampp\htdocs\PHP-IVERSON\proyecto_reportes\system\CodeIgniter.php(933): App\Controllers\CreateMiSolicitud->validarMiSolicitud()
#7 C:\xampp\htdocs\PHP-IVERSON\proyecto_reportes\system\CodeIgniter.php(507): CodeIgniter\CodeIgniter->runController(Object(App\Controllers\CreateMiSolicitud))
#8 C:\xampp\htdocs\PHP-IVERSON\proyecto_reportes\system\CodeIgniter.php(354): CodeIgniter\CodeIgniter->handleRequest(NULL, Object(Config\Cache), false)
#9 C:\xampp\htdocs\PHP-IVERSON\proyecto_reportes\system\Boot.php(334): CodeIgniter\CodeIgniter->run()
#10 C:\xampp\htdocs\PHP-IVERSON\proyecto_reportes\system\Boot.php(67): CodeIgniter\Boot::runCodeIgniter(Object(CodeIgniter\CodeIgniter))
#11 C:\xampp\htdocs\PHP-IVERSON\proyecto_reportes\index.php(59): CodeIgniter\Boot::bootWeb(Object(Config\Paths))
#12 {main}
CRITICAL - 2025-06-30 04:39:29 --> CodeIgniter\Database\Exceptions\DatabaseException: Cannot add or update a child row: a foreign key constraint fails (`gestsol_data`.`solicitudes`, CONSTRAINT `solicitudes_ibfk_1` FOREIGN KEY (`solicitante_id`) REFERENCES `usuarios` (`id`))
[Method: POST, Route: creandoMisolicitud]
in SYSTEMPATH\Database\BaseConnection.php on line 692.
 1 SYSTEMPATH\Database\BaseBuilder.php(2345): CodeIgniter\Database\BaseConnection->query('INSERT INTO `solicitudes` (`fecha`, `descripcion`, `solicitante_id`, `estado_id`, `tipo_falla_id`) VALUES (:fecha:, :descripcion:, :solicitante_id:, :estado_id:, :tipo_falla_id:)', [...], false)
 2 APPPATH\Models\CrearMiSolicitud.php(21): CodeIgniter\Database\BaseBuilder->insert([...])
 3 APPPATH\Controllers\CreateMiSolicitud.php(32): App\Models\CrearMiSolicitud->insertarMiSolicitud([...])
 4 SYSTEMPATH\CodeIgniter.php(933): App\Controllers\CreateMiSolicitud->validarMiSolicitud()
 5 SYSTEMPATH\CodeIgniter.php(507): CodeIgniter\CodeIgniter->runController(Object(App\Controllers\CreateMiSolicitud))
 6 SYSTEMPATH\CodeIgniter.php(354): CodeIgniter\CodeIgniter->handleRequest(null, Object(Config\Cache), false)
 7 SYSTEMPATH\Boot.php(334): CodeIgniter\CodeIgniter->run()
 8 SYSTEMPATH\Boot.php(67): CodeIgniter\Boot::runCodeIgniter(Object(CodeIgniter\CodeIgniter))
 9 FCPATH\index.php(59): CodeIgniter\Boot::bootWeb(Object(Config\Paths))
CRITICAL - 2025-06-30 04:39:29 --> [Caused by] CodeIgniter\Database\Exceptions\DatabaseException: Cannot add or update a child row: a foreign key constraint fails (`gestsol_data`.`solicitudes`, CONSTRAINT `solicitudes_ibfk_1` FOREIGN KEY (`solicitante_id`) REFERENCES `usuarios` (`id`))
in SYSTEMPATH\Database\MySQLi\Connection.php on line 332.
 1 SYSTEMPATH\Database\BaseConnection.php(738): CodeIgniter\Database\MySQLi\Connection->execute('INSERT INTO `solicitudes` (`fecha`, `descripcion`, `solicitante_id`, `estado_id`, `tipo_falla_id`) VALUES (\'2025-06-30\', \'2025-06-30\', \'2025-06-30\', 1, \'2025-06-30\')')
 2 SYSTEMPATH\Database\BaseConnection.php(652): CodeIgniter\Database\BaseConnection->simpleQuery('INSERT INTO `solicitudes` (`fecha`, `descripcion`, `solicitante_id`, `estado_id`, `tipo_falla_id`) VALUES (\'2025-06-30\', \'2025-06-30\', \'2025-06-30\', 1, \'2025-06-30\')')
 3 SYSTEMPATH\Database\BaseBuilder.php(2345): CodeIgniter\Database\BaseConnection->query('INSERT INTO `solicitudes` (`fecha`, `descripcion`, `solicitante_id`, `estado_id`, `tipo_falla_id`) VALUES (:fecha:, :descripcion:, :solicitante_id:, :estado_id:, :tipo_falla_id:)', [...], false)
 4 APPPATH\Models\CrearMiSolicitud.php(21): CodeIgniter\Database\BaseBuilder->insert([...])
 5 APPPATH\Controllers\CreateMiSolicitud.php(32): App\Models\CrearMiSolicitud->insertarMiSolicitud([...])
 6 SYSTEMPATH\CodeIgniter.php(933): App\Controllers\CreateMiSolicitud->validarMiSolicitud()
 7 SYSTEMPATH\CodeIgniter.php(507): CodeIgniter\CodeIgniter->runController(Object(App\Controllers\CreateMiSolicitud))
 8 SYSTEMPATH\CodeIgniter.php(354): CodeIgniter\CodeIgniter->handleRequest(null, Object(Config\Cache), false)
 9 SYSTEMPATH\Boot.php(334): CodeIgniter\CodeIgniter->run()
10 SYSTEMPATH\Boot.php(67): CodeIgniter\Boot::runCodeIgniter(Object(CodeIgniter\CodeIgniter))
11 FCPATH\index.php(59): CodeIgniter\Boot::bootWeb(Object(Config\Paths))
CRITICAL - 2025-06-30 04:39:29 --> [Caused by] mysqli_sql_exception: Cannot add or update a child row: a foreign key constraint fails (`gestsol_data`.`solicitudes`, CONSTRAINT `solicitudes_ibfk_1` FOREIGN KEY (`solicitante_id`) REFERENCES `usuarios` (`id`))
in SYSTEMPATH\Database\MySQLi\Connection.php on line 327.
 1 SYSTEMPATH\Database\MySQLi\Connection.php(327): mysqli->query('INSERT INTO `solicitudes` (`fecha`, `descripcion`, `solicitante_id`, `estado_id`, `tipo_falla_id`) VALUES (\'2025-06-30\', \'2025-06-30\', \'2025-06-30\', 1, \'2025-06-30\')', 0)
 2 SYSTEMPATH\Database\BaseConnection.php(738): CodeIgniter\Database\MySQLi\Connection->execute('INSERT INTO `solicitudes` (`fecha`, `descripcion`, `solicitante_id`, `estado_id`, `tipo_falla_id`) VALUES (\'2025-06-30\', \'2025-06-30\', \'2025-06-30\', 1, \'2025-06-30\')')
 3 SYSTEMPATH\Database\BaseConnection.php(652): CodeIgniter\Database\BaseConnection->simpleQuery('INSERT INTO `solicitudes` (`fecha`, `descripcion`, `solicitante_id`, `estado_id`, `tipo_falla_id`) VALUES (\'2025-06-30\', \'2025-06-30\', \'2025-06-30\', 1, \'2025-06-30\')')
 4 SYSTEMPATH\Database\BaseBuilder.php(2345): CodeIgniter\Database\BaseConnection->query('INSERT INTO `solicitudes` (`fecha`, `descripcion`, `solicitante_id`, `estado_id`, `tipo_falla_id`) VALUES (:fecha:, :descripcion:, :solicitante_id:, :estado_id:, :tipo_falla_id:)', [...], false)
 5 APPPATH\Models\CrearMiSolicitud.php(21): CodeIgniter\Database\BaseBuilder->insert([...])
 6 APPPATH\Controllers\CreateMiSolicitud.php(32): App\Models\CrearMiSolicitud->insertarMiSolicitud([...])
 7 SYSTEMPATH\CodeIgniter.php(933): App\Controllers\CreateMiSolicitud->validarMiSolicitud()
 8 SYSTEMPATH\CodeIgniter.php(507): CodeIgniter\CodeIgniter->runController(Object(App\Controllers\CreateMiSolicitud))
 9 SYSTEMPATH\CodeIgniter.php(354): CodeIgniter\CodeIgniter->handleRequest(null, Object(Config\Cache), false)
10 SYSTEMPATH\Boot.php(334): CodeIgniter\CodeIgniter->run()
11 SYSTEMPATH\Boot.php(67): CodeIgniter\Boot::runCodeIgniter(Object(CodeIgniter\CodeIgniter))
12 FCPATH\index.php(59): CodeIgniter\Boot::bootWeb(Object(Config\Paths))
CRITICAL - 2025-06-30 21:31:04 --> ErrorException: Undefined property: stdClass::$rol
[Method: POST, Route: validarDatos]
in APPPATH\Controllers\Login.php on line 31.
 1 APPPATH\Controllers\Login.php(31): CodeIgniter\Debug\Exceptions->errorHandler(2, 'Undefined property: stdClass::$rol', 'C:\\xampp\\htdocs\\PHP-IVERSON\\proyecto_reportes\\app\\Controllers\\Login.php', 31)
 2 SYSTEMPATH\CodeIgniter.php(933): App\Controllers\Login->validarDatos()
 3 SYSTEMPATH\CodeIgniter.php(507): CodeIgniter\CodeIgniter->runController(Object(App\Controllers\Login))
 4 SYSTEMPATH\CodeIgniter.php(354): CodeIgniter\CodeIgniter->handleRequest(null, Object(Config\Cache), false)
 5 SYSTEMPATH\Boot.php(334): CodeIgniter\CodeIgniter->run()
 6 SYSTEMPATH\Boot.php(67): CodeIgniter\Boot::runCodeIgniter(Object(CodeIgniter\CodeIgniter))
 7 FCPATH\index.php(59): CodeIgniter\Boot::bootWeb(Object(Config\Paths))
CRITICAL - 2025-06-30 21:31:09 --> ErrorException: Undefined property: stdClass::$rol
[Method: POST, Route: validarDatos]
in APPPATH\Controllers\Login.php on line 31.
 1 APPPATH\Controllers\Login.php(31): CodeIgniter\Debug\Exceptions->errorHandler(2, 'Undefined property: stdClass::$rol', 'C:\\xampp\\htdocs\\PHP-IVERSON\\proyecto_reportes\\app\\Controllers\\Login.php', 31)
 2 SYSTEMPATH\CodeIgniter.php(933): App\Controllers\Login->validarDatos()
 3 SYSTEMPATH\CodeIgniter.php(507): CodeIgniter\CodeIgniter->runController(Object(App\Controllers\Login))
 4 SYSTEMPATH\CodeIgniter.php(354): CodeIgniter\CodeIgniter->handleRequest(null, Object(Config\Cache), false)
 5 SYSTEMPATH\Boot.php(334): CodeIgniter\CodeIgniter->run()
 6 SYSTEMPATH\Boot.php(67): CodeIgniter\Boot::runCodeIgniter(Object(CodeIgniter\CodeIgniter))
 7 FCPATH\index.php(59): CodeIgniter\Boot::bootWeb(Object(Config\Paths))
CRITICAL - 2025-06-30 21:38:13 --> ErrorException: Undefined property: stdClass::$rol
[Method: POST, Route: validarDatos]
in APPPATH\Controllers\Login.php on line 31.
 1 APPPATH\Controllers\Login.php(31): CodeIgniter\Debug\Exceptions->errorHandler(2, 'Undefined property: stdClass::$rol', 'C:\\xampp\\htdocs\\PHP-IVERSON\\proyecto_reportes\\app\\Controllers\\Login.php', 31)
 2 SYSTEMPATH\CodeIgniter.php(933): App\Controllers\Login->validarDatos()
 3 SYSTEMPATH\CodeIgniter.php(507): CodeIgniter\CodeIgniter->runController(Object(App\Controllers\Login))
 4 SYSTEMPATH\CodeIgniter.php(354): CodeIgniter\CodeIgniter->handleRequest(null, Object(Config\Cache), false)
 5 SYSTEMPATH\Boot.php(334): CodeIgniter\CodeIgniter->run()
 6 SYSTEMPATH\Boot.php(67): CodeIgniter\Boot::runCodeIgniter(Object(CodeIgniter\CodeIgniter))
 7 FCPATH\index.php(59): CodeIgniter\Boot::bootWeb(Object(Config\Paths))
CRITICAL - 2025-06-30 21:38:20 --> ErrorException: Undefined property: stdClass::$rol
[Method: POST, Route: validarDatos]
in APPPATH\Controllers\Login.php on line 31.
 1 APPPATH\Controllers\Login.php(31): CodeIgniter\Debug\Exceptions->errorHandler(2, 'Undefined property: stdClass::$rol', 'C:\\xampp\\htdocs\\PHP-IVERSON\\proyecto_reportes\\app\\Controllers\\Login.php', 31)
 2 SYSTEMPATH\CodeIgniter.php(933): App\Controllers\Login->validarDatos()
 3 SYSTEMPATH\CodeIgniter.php(507): CodeIgniter\CodeIgniter->runController(Object(App\Controllers\Login))
 4 SYSTEMPATH\CodeIgniter.php(354): CodeIgniter\CodeIgniter->handleRequest(null, Object(Config\Cache), false)
 5 SYSTEMPATH\Boot.php(334): CodeIgniter\CodeIgniter->run()
 6 SYSTEMPATH\Boot.php(67): CodeIgniter\Boot::runCodeIgniter(Object(CodeIgniter\CodeIgniter))
 7 FCPATH\index.php(59): CodeIgniter\Boot::bootWeb(Object(Config\Paths))
CRITICAL - 2025-06-30 21:38:37 --> ErrorException: Undefined property: stdClass::$rol
[Method: POST, Route: validarDatos]
in APPPATH\Controllers\Login.php on line 31.
 1 APPPATH\Controllers\Login.php(31): CodeIgniter\Debug\Exceptions->errorHandler(2, 'Undefined property: stdClass::$rol', 'C:\\xampp\\htdocs\\PHP-IVERSON\\proyecto_reportes\\app\\Controllers\\Login.php', 31)
 2 SYSTEMPATH\CodeIgniter.php(933): App\Controllers\Login->validarDatos()
 3 SYSTEMPATH\CodeIgniter.php(507): CodeIgniter\CodeIgniter->runController(Object(App\Controllers\Login))
 4 SYSTEMPATH\CodeIgniter.php(354): CodeIgniter\CodeIgniter->handleRequest(null, Object(Config\Cache), false)
 5 SYSTEMPATH\Boot.php(334): CodeIgniter\CodeIgniter->run()
 6 SYSTEMPATH\Boot.php(67): CodeIgniter\Boot::runCodeIgniter(Object(CodeIgniter\CodeIgniter))
 7 FCPATH\index.php(59): CodeIgniter\Boot::bootWeb(Object(Config\Paths))
CRITICAL - 2025-06-30 21:40:37 --> ErrorException: Undefined property: stdClass::$rol
[Method: POST, Route: validarDatos]
in APPPATH\Controllers\Login.php on line 31.
 1 APPPATH\Controllers\Login.php(31): CodeIgniter\Debug\Exceptions->errorHandler(2, 'Undefined property: stdClass::$rol', 'C:\\xampp\\htdocs\\PHP-IVERSON\\proyecto_reportes\\app\\Controllers\\Login.php', 31)
 2 SYSTEMPATH\CodeIgniter.php(933): App\Controllers\Login->validarDatos()
 3 SYSTEMPATH\CodeIgniter.php(507): CodeIgniter\CodeIgniter->runController(Object(App\Controllers\Login))
 4 SYSTEMPATH\CodeIgniter.php(354): CodeIgniter\CodeIgniter->handleRequest(null, Object(Config\Cache), false)
 5 SYSTEMPATH\Boot.php(334): CodeIgniter\CodeIgniter->run()
 6 SYSTEMPATH\Boot.php(67): CodeIgniter\Boot::runCodeIgniter(Object(CodeIgniter\CodeIgniter))
 7 FCPATH\index.php(59): CodeIgniter\Boot::bootWeb(Object(Config\Paths))
CRITICAL - 2025-06-30 21:41:26 --> ErrorException: Undefined property: stdClass::$rol
[Method: POST, Route: validarDatos]
in APPPATH\Controllers\Login.php on line 31.
 1 APPPATH\Controllers\Login.php(31): CodeIgniter\Debug\Exceptions->errorHandler(2, 'Undefined property: stdClass::$rol', 'C:\\xampp\\htdocs\\PHP-IVERSON\\proyecto_reportes\\app\\Controllers\\Login.php', 31)
 2 SYSTEMPATH\CodeIgniter.php(933): App\Controllers\Login->validarDatos()
 3 SYSTEMPATH\CodeIgniter.php(507): CodeIgniter\CodeIgniter->runController(Object(App\Controllers\Login))
 4 SYSTEMPATH\CodeIgniter.php(354): CodeIgniter\CodeIgniter->handleRequest(null, Object(Config\Cache), false)
 5 SYSTEMPATH\Boot.php(334): CodeIgniter\CodeIgniter->run()
 6 SYSTEMPATH\Boot.php(67): CodeIgniter\Boot::runCodeIgniter(Object(CodeIgniter\CodeIgniter))
 7 FCPATH\index.php(59): CodeIgniter\Boot::bootWeb(Object(Config\Paths))
CRITICAL - 2025-06-30 21:42:54 --> ErrorException: Undefined property: stdClass::$rol
[Method: POST, Route: validarDatos]
in APPPATH\Controllers\Login.php on line 31.
 1 APPPATH\Controllers\Login.php(31): CodeIgniter\Debug\Exceptions->errorHandler(2, 'Undefined property: stdClass::$rol', 'C:\\xampp\\htdocs\\PHP-IVERSON\\proyecto_reportes\\app\\Controllers\\Login.php', 31)
 2 SYSTEMPATH\CodeIgniter.php(933): App\Controllers\Login->validarDatos()
 3 SYSTEMPATH\CodeIgniter.php(507): CodeIgniter\CodeIgniter->runController(Object(App\Controllers\Login))
 4 SYSTEMPATH\CodeIgniter.php(354): CodeIgniter\CodeIgniter->handleRequest(null, Object(Config\Cache), false)
 5 SYSTEMPATH\Boot.php(334): CodeIgniter\CodeIgniter->run()
 6 SYSTEMPATH\Boot.php(67): CodeIgniter\Boot::runCodeIgniter(Object(CodeIgniter\CodeIgniter))
 7 FCPATH\index.php(59): CodeIgniter\Boot::bootWeb(Object(Config\Paths))
